START OF LOG
player on port 60685
interactive player mode; name 'hi'
OK message received: OK A
GRID message received: GRID 14 5
displayStart: Success
wRows = 45
wCols = 113
GOLD message received: GOLD 0 0 250
DISPLAY message received
GOLD message received: GOLD 13 13 237
DISPLAY message received
GOLD message received: GOLD 10 23 227
DISPLAY message received
GOLD message received: GOLD 9 32 218
DISPLAY message received
GOLD message received: GOLD 0 32 218
DISPLAY message received
GOLD message received: GOLD 8 40 210
DISPLAY message received
GOLD message received: GOLD 9 49 201
DISPLAY message received
GOLD message received: GOLD 7 56 194
DISPLAY message received
GOLD message received: GOLD 8 64 186
DISPLAY message received
ERROR message received: ERROR unable to understand message
ERROR message received: ERROR unable to understand message
GOLD message received: GOLD 11 75 175
DISPLAY message received
GOLD message received: GOLD 13 88 162
DISPLAY message received
GOLD message received: GOLD 0 88 162
DISPLAY message received
GOLD message received: GOLD 8 96 154
DISPLAY message received
GOLD message received: GOLD 7 103 147
DISPLAY message received
GOLD message received: GOLD 7 110 140
DISPLAY message received
GOLD message received: GOLD 7 117 133
DISPLAY message received
GOLD message received: GOLD 12 129 121
DISPLAY message received
GOLD message received: GOLD 11 140 110
DISPLAY message received
GOLD message received: GOLD 11 151 99
DISPLAY message received
GOLD message received: GOLD 19 170 80
DISPLAY message received
GOLD message received: GOLD 8 178 72
DISPLAY message received
GOLD message received: GOLD 0 178 72
DISPLAY message received
GOLD message received: GOLD 10 188 62
DISPLAY message received
GOLD message received: GOLD 11 199 51
DISPLAY message received
GOLD message received: GOLD 13 212 38
DISPLAY message received
GOLD message received: GOLD 7 219 31
DISPLAY message received
GOLD message received: GOLD 11 230 20
DISPLAY message received
GOLD message received: GOLD 12 242 8
DISPLAY message received
GOLD message received: GOLD 8 250 0
DISPLAY message received
QUIT message received: QUIT GAME OVER:
A        250 hi 

END OF LOG
