START OF LOG
player on port 51250
interactive player mode; name 'player1'
OK message received: OK A
GRID message received: GRID 21 79
displayStart: Success
wRows = 24
wCols = 80
GOLD message received: GOLD 0 0 250
DISPLAY message received
GOLD message received: GOLD 0 0 250
DISPLAY message received
GOLD message received: GOLD 0 0 250
DISPLAY message received
GOLD message received: GOLD 0 0 250
DISPLAY message received
GOLD message received: GOLD 0 0 250
DISPLAY message received
GOLD message received: GOLD 0 0 250
DISPLAY message received
GOLD message received: GOLD 0 0 250
DISPLAY message received
GOLD message received: GOLD 0 0 250
DISPLAY message received
GOLD message received: GOLD 0 0 250
DISPLAY message received
GOLD message received: GOLD 0 0 250
DISPLAY message received
GOLD message received: GOLD 0 0 250
DISPLAY message received
GOLD message received: GOLD 17 17 233
DISPLAY message received
GOLD message received: GOLD 0 17 233
DISPLAY message received
GOLD message received: GOLD 0 17 233
DISPLAY message received
GOLD message received: GOLD 0 17 233
DISPLAY message received
GOLD message received: GOLD 0 17 233
DISPLAY message received
GOLD message received: GOLD 0 17 233
DISPLAY message received
GOLD message received: GOLD 0 17 233
DISPLAY message received
GOLD message received: GOLD 0 17 233
DISPLAY message received
GOLD message received: GOLD 0 17 233
DISPLAY message received
GOLD message received: GOLD 0 17 233
DISPLAY message received
GOLD message received: GOLD 0 17 233
DISPLAY message received
GOLD message received: GOLD 0 17 233
DISPLAY message received
GOLD message received: GOLD 0 17 233
DISPLAY message received
GOLD message received: GOLD 0 17 233
DISPLAY message received
ERROR message received: ERROR invalid keystroke
ERROR message received: ERROR invalid keystroke
ERROR message received: ERROR invalid keystroke
ERROR message received: ERROR invalid keystroke
ERROR message received: ERROR invalid keystroke
