START OF LOG
player on port 34046
interactive player mode; name 'player1'
OK message received: OK A
GRID message received: GRID 5 14
displayStart: Success
wRows = 24
wCols = 80
GOLD message received: GOLD 0 0 250
DISPLAY message received
GOLD message received: GOLD 0 0 250
DISPLAY message received
GOLD message received: GOLD 0 0 250
DISPLAY message received
GOLD message received: GOLD 0 0 250
DISPLAY message received
GOLD message received: GOLD 30 30 220
DISPLAY message received
GOLD message received: GOLD 0 30 220
DISPLAY message received
GOLD message received: GOLD 22 52 198
DISPLAY message received
GOLD message received: GOLD 0 52 198
DISPLAY message received
GOLD message received: GOLD 23 75 175
DISPLAY message received
GOLD message received: GOLD 0 75 175
DISPLAY message received
GOLD message received: GOLD 20 95 155
DISPLAY message received
GOLD message received: GOLD 18 113 137
DISPLAY message received
GOLD message received: GOLD 0 113 137
DISPLAY message received
GOLD message received: GOLD 17 130 120
DISPLAY message received
GOLD message received: GOLD 27 157 93
DISPLAY message received
GOLD message received: GOLD 30 187 63
DISPLAY message received
GOLD message received: GOLD 16 203 47
DISPLAY message received
GOLD message received: GOLD 0 203 47
DISPLAY message received
GOLD message received: GOLD 0 203 47
DISPLAY message received
GOLD message received: GOLD 29 232 18
DISPLAY message received
GOLD message received: GOLD 0 232 18
DISPLAY message received
GOLD message received: GOLD 18 250 0
DISPLAY message received
QUIT message received: QUIT GAME OVER:
A        250 player1

END OF LOG
