START OF LOG
START OF LOG
message_init: ready at port '49285'
message_loop: message ready on socket
message_loop: FROM 127.0.0.1:51621
message_loop: 1 lines:
SPECTATE
message_send: TO 127.0.0.1:51621
message_send: 1 lines:
GRID 21 79
message_send: TO 127.0.0.1:51621
message_send: 1 lines:
GOLD 0 0 250
message_send: TO 127.0.0.1:51621
message_send: 22 lines:
DISPLAY
  +----------+                                                                 
  |.....*....|                 +---------+                                     
  |..........####              |.........|                +-------+            
  |..........|                 +-----#---+                |.......|            
  +---------#+                       #              #######.......|            
            #                        #              #     +---#---+            
            #  +-----------+         #     +--------#+        #                
            ####...........##############  |.........|        #                
               |...........|            #  |......*.*|        #                
               +-----------+            ####.........|        #                
                                           +----#----+        #                
                                                #    +--------#--+             
     +---------------------------------+        #    |...........|             
     |........................*........|        ######...........|             
     |..*......*..*....................|        #    |...........|             
     |......+---------------+..........|        #    |...........|             
     |.....*|               |..........##########    +-----------+             
     |......|               |..*.......|                                       
     |......|               |.....*....|                                       
     |....*.|               |..........|                                       
     +------+               +----------+                                       

message_loop: message ready on socket
message_loop: FROM 127.0.0.1:39372
message_loop: 1 lines:
SPECTATE
message_send: TO 127.0.0.1:51621
message_send: 1 lines:
QUIT You have been replaced by a new spectator.
message_send: TO 127.0.0.1:39372
message_send: 1 lines:
GRID 21 79
message_send: TO 127.0.0.1:39372
message_send: 1 lines:
GOLD 0 0 250
message_send: TO 127.0.0.1:39372
message_send: 22 lines:
DISPLAY
  +----------+                                                                 
  |.....*....|                 +---------+                                     
  |..........####              |.........|                +-------+            
  |..........|                 +-----#---+                |.......|            
  +---------#+                       #              #######.......|            
            #                        #              #     +---#---+            
            #  +-----------+         #     +--------#+        #                
            ####...........##############  |.........|        #                
               |...........|            #  |......*.*|        #                
               +-----------+            ####.........|        #                
                                           +----#----+        #                
                                                #    +--------#--+             
     +---------------------------------+        #    |...........|             
     |........................*........|        ######...........|             
     |..*......*..*....................|        #    |...........|             
     |......+---------------+..........|        #    |...........|             
     |.....*|               |..........##########    +-----------+             
     |......|               |..*.......|                                       
     |......|               |.....*....|                                       
     |....*.|               |..........|                                       
     +------+               +----------+                                       

message_loop: message ready on socket
message_loop: FROM 127.0.0.1:39372
message_loop: 1 lines:
KEY Q
message_send: TO 127.0.0.1:39372
message_send: 1 lines:
QUIT Thanks for watching!
